[debug] [2023-10-17T13:05:29.597Z] ----------------------------------------------------------------------
[debug] [2023-10-17T13:05:29.599Z] Command:       /home/remah/.nvm/versions/node/v20.5.0/bin/node /home/remah/.nvm/versions/node/v20.5.0/bin/firebase deploy
[debug] [2023-10-17T13:05:29.599Z] CLI Version:   12.7.0
[debug] [2023-10-17T13:05:29.599Z] Platform:      linux
[debug] [2023-10-17T13:05:29.599Z] Node Version:  v20.5.0
[debug] [2023-10-17T13:05:29.599Z] Time:          Tue Oct 17 2023 16:05:29 GMT+0300 (Eastern European Summer Time)
[debug] [2023-10-17T13:05:29.600Z] ----------------------------------------------------------------------
[debug] 
[debug] [2023-10-17T13:05:29.656Z] > command requires scopes: ["email","openid","https://www.googleapis.com/auth/cloudplatformprojects.readonly","https://www.googleapis.com/auth/firebase","https://www.googleapis.com/auth/cloud-platform"]
[debug] [2023-10-17T13:05:29.656Z] > authorizing via signed-in user (remah.amr@qara.net)
[debug] [2023-10-17T13:05:29.656Z] [iam] checking project authmodule-test for permissions ["firebase.projects.get","firebasehosting.sites.update"]
[debug] [2023-10-17T13:05:29.658Z] >>> [apiv2][query] POST https://cloudresourcemanager.googleapis.com/v1/projects/authmodule-test:testIamPermissions [none]
[debug] [2023-10-17T13:05:29.658Z] >>> [apiv2][(partial)header] POST https://cloudresourcemanager.googleapis.com/v1/projects/authmodule-test:testIamPermissions x-goog-quota-user=projects/authmodule-test
[debug] [2023-10-17T13:05:29.658Z] >>> [apiv2][body] POST https://cloudresourcemanager.googleapis.com/v1/projects/authmodule-test:testIamPermissions {"permissions":["firebase.projects.get","firebasehosting.sites.update"]}
[debug] [2023-10-17T13:05:30.978Z] *** [apiv2] error from fetch(https://cloudresourcemanager.googleapis.com/v1/projects/authmodule-test:testIamPermissions, {"headers":{},"method":"POST","body":"{\"permissions\":[\"firebase.projects.get\",\"firebasehosting.sites.update\"]}"}): FetchError: request to https://cloudresourcemanager.googleapis.com/v1/projects/authmodule-test:testIamPermissions failed, reason: 
[debug] [2023-10-17T13:05:30.980Z] [iam] error while checking permissions, command may fail: FirebaseError: Failed to make request to https://cloudresourcemanager.googleapis.com/v1/projects/authmodule-test:testIamPermissions
[debug] [2023-10-17T13:05:30.983Z] >>> [apiv2][query] GET https://firebase.googleapis.com/v1beta1/projects/authmodule-test [none]
[debug] [2023-10-17T13:05:32.498Z] *** [apiv2] error from fetch(https://firebase.googleapis.com/v1beta1/projects/authmodule-test, {"headers":{},"method":"GET","signal":{}}): FetchError: request to https://firebase.googleapis.com/v1beta1/projects/authmodule-test failed, reason: 
[debug] [2023-10-17T13:05:32.498Z] Failed to make request to https://firebase.googleapis.com/v1beta1/projects/authmodule-test (original: request to https://firebase.googleapis.com/v1beta1/projects/authmodule-test failed, reason: )
[debug] [2023-10-17T13:05:32.754Z] FirebaseError: Failed to make request to https://firebase.googleapis.com/v1beta1/projects/authmodule-test
    at RetryOperation._fn (/home/remah/.nvm/versions/node/v20.5.0/lib/node_modules/firebase-tools/lib/apiv2.js:239:31)
    at process.processTicksAndRejections (node:internal/process/task_queues:95:5)
[error] 
[error] Error: Failed to get Firebase project authmodule-test. Please make sure the project exists and your account has permission to access it.
[debug] [2023-10-17T13:05:38.593Z] ----------------------------------------------------------------------
[debug] [2023-10-17T13:05:38.595Z] Command:       /home/remah/.nvm/versions/node/v20.5.0/bin/node /home/remah/.nvm/versions/node/v20.5.0/bin/firebase deploy
[debug] [2023-10-17T13:05:38.595Z] CLI Version:   12.7.0
[debug] [2023-10-17T13:05:38.595Z] Platform:      linux
[debug] [2023-10-17T13:05:38.595Z] Node Version:  v20.5.0
[debug] [2023-10-17T13:05:38.595Z] Time:          Tue Oct 17 2023 16:05:38 GMT+0300 (Eastern European Summer Time)
[debug] [2023-10-17T13:05:38.595Z] ----------------------------------------------------------------------
[debug] 
[debug] [2023-10-17T13:05:38.651Z] > command requires scopes: ["email","openid","https://www.googleapis.com/auth/cloudplatformprojects.readonly","https://www.googleapis.com/auth/firebase","https://www.googleapis.com/auth/cloud-platform"]
[debug] [2023-10-17T13:05:38.651Z] > authorizing via signed-in user (remah.amr@qara.net)
[debug] [2023-10-17T13:05:38.651Z] [iam] checking project authmodule-test for permissions ["firebase.projects.get","firebasehosting.sites.update"]
[debug] [2023-10-17T13:05:38.652Z] >>> [apiv2][query] POST https://cloudresourcemanager.googleapis.com/v1/projects/authmodule-test:testIamPermissions [none]
[debug] [2023-10-17T13:05:38.653Z] >>> [apiv2][(partial)header] POST https://cloudresourcemanager.googleapis.com/v1/projects/authmodule-test:testIamPermissions x-goog-quota-user=projects/authmodule-test
[debug] [2023-10-17T13:05:38.653Z] >>> [apiv2][body] POST https://cloudresourcemanager.googleapis.com/v1/projects/authmodule-test:testIamPermissions {"permissions":["firebase.projects.get","firebasehosting.sites.update"]}
[debug] [2023-10-17T13:05:39.450Z] *** [apiv2] error from fetch(https://cloudresourcemanager.googleapis.com/v1/projects/authmodule-test:testIamPermissions, {"headers":{},"method":"POST","body":"{\"permissions\":[\"firebase.projects.get\",\"firebasehosting.sites.update\"]}"}): FetchError: request to https://cloudresourcemanager.googleapis.com/v1/projects/authmodule-test:testIamPermissions failed, reason: 
[debug] [2023-10-17T13:05:39.452Z] [iam] error while checking permissions, command may fail: FirebaseError: Failed to make request to https://cloudresourcemanager.googleapis.com/v1/projects/authmodule-test:testIamPermissions
[debug] [2023-10-17T13:05:39.455Z] >>> [apiv2][query] GET https://firebase.googleapis.com/v1beta1/projects/authmodule-test [none]
[debug] [2023-10-17T13:05:40.226Z] *** [apiv2] error from fetch(https://firebase.googleapis.com/v1beta1/projects/authmodule-test, {"headers":{},"method":"GET","signal":{}}): FetchError: request to https://firebase.googleapis.com/v1beta1/projects/authmodule-test failed, reason: 
[debug] [2023-10-17T13:05:40.227Z] Failed to make request to https://firebase.googleapis.com/v1beta1/projects/authmodule-test (original: request to https://firebase.googleapis.com/v1beta1/projects/authmodule-test failed, reason: )
[debug] [2023-10-17T13:05:40.490Z] FirebaseError: Failed to make request to https://firebase.googleapis.com/v1beta1/projects/authmodule-test
    at RetryOperation._fn (/home/remah/.nvm/versions/node/v20.5.0/lib/node_modules/firebase-tools/lib/apiv2.js:239:31)
    at process.processTicksAndRejections (node:internal/process/task_queues:95:5)
[error] 
[error] Error: Failed to get Firebase project authmodule-test. Please make sure the project exists and your account has permission to access it.
[debug] [2023-10-17T13:05:42.684Z] ----------------------------------------------------------------------
[debug] [2023-10-17T13:05:42.686Z] Command:       /home/remah/.nvm/versions/node/v20.5.0/bin/node /home/remah/.nvm/versions/node/v20.5.0/bin/firebase deploy
[debug] [2023-10-17T13:05:42.686Z] CLI Version:   12.7.0
[debug] [2023-10-17T13:05:42.686Z] Platform:      linux
[debug] [2023-10-17T13:05:42.686Z] Node Version:  v20.5.0
[debug] [2023-10-17T13:05:42.687Z] Time:          Tue Oct 17 2023 16:05:42 GMT+0300 (Eastern European Summer Time)
[debug] [2023-10-17T13:05:42.687Z] ----------------------------------------------------------------------
[debug] 
[debug] [2023-10-17T13:05:42.743Z] > command requires scopes: ["email","openid","https://www.googleapis.com/auth/cloudplatformprojects.readonly","https://www.googleapis.com/auth/firebase","https://www.googleapis.com/auth/cloud-platform"]
[debug] [2023-10-17T13:05:42.743Z] > authorizing via signed-in user (remah.amr@qara.net)
[debug] [2023-10-17T13:05:42.744Z] [iam] checking project authmodule-test for permissions ["firebase.projects.get","firebasehosting.sites.update"]
[debug] [2023-10-17T13:05:42.745Z] >>> [apiv2][query] POST https://cloudresourcemanager.googleapis.com/v1/projects/authmodule-test:testIamPermissions [none]
[debug] [2023-10-17T13:05:42.745Z] >>> [apiv2][(partial)header] POST https://cloudresourcemanager.googleapis.com/v1/projects/authmodule-test:testIamPermissions x-goog-quota-user=projects/authmodule-test
[debug] [2023-10-17T13:05:42.745Z] >>> [apiv2][body] POST https://cloudresourcemanager.googleapis.com/v1/projects/authmodule-test:testIamPermissions {"permissions":["firebase.projects.get","firebasehosting.sites.update"]}
[debug] [2023-10-17T13:05:43.544Z] *** [apiv2] error from fetch(https://cloudresourcemanager.googleapis.com/v1/projects/authmodule-test:testIamPermissions, {"headers":{},"method":"POST","body":"{\"permissions\":[\"firebase.projects.get\",\"firebasehosting.sites.update\"]}"}): FetchError: request to https://cloudresourcemanager.googleapis.com/v1/projects/authmodule-test:testIamPermissions failed, reason: 
[debug] [2023-10-17T13:05:43.547Z] [iam] error while checking permissions, command may fail: FirebaseError: Failed to make request to https://cloudresourcemanager.googleapis.com/v1/projects/authmodule-test:testIamPermissions
[debug] [2023-10-17T13:05:43.550Z] >>> [apiv2][query] GET https://firebase.googleapis.com/v1beta1/projects/authmodule-test [none]
[debug] [2023-10-17T13:05:44.320Z] *** [apiv2] error from fetch(https://firebase.googleapis.com/v1beta1/projects/authmodule-test, {"headers":{},"method":"GET","signal":{}}): FetchError: request to https://firebase.googleapis.com/v1beta1/projects/authmodule-test failed, reason: 
[debug] [2023-10-17T13:05:44.320Z] Failed to make request to https://firebase.googleapis.com/v1beta1/projects/authmodule-test (original: request to https://firebase.googleapis.com/v1beta1/projects/authmodule-test failed, reason: )
[debug] [2023-10-17T13:05:44.584Z] FirebaseError: Failed to make request to https://firebase.googleapis.com/v1beta1/projects/authmodule-test
    at RetryOperation._fn (/home/remah/.nvm/versions/node/v20.5.0/lib/node_modules/firebase-tools/lib/apiv2.js:239:31)
    at process.processTicksAndRejections (node:internal/process/task_queues:95:5)
[error] 
[error] Error: Failed to get Firebase project authmodule-test. Please make sure the project exists and your account has permission to access it.
[debug] [2023-10-17T13:05:53.929Z] ----------------------------------------------------------------------
[debug] [2023-10-17T13:05:53.930Z] Command:       /home/remah/.nvm/versions/node/v20.5.0/bin/node /home/remah/.nvm/versions/node/v20.5.0/bin/firebase deploy
[debug] [2023-10-17T13:05:53.931Z] CLI Version:   12.7.0
[debug] [2023-10-17T13:05:53.931Z] Platform:      linux
[debug] [2023-10-17T13:05:53.931Z] Node Version:  v20.5.0
[debug] [2023-10-17T13:05:53.931Z] Time:          Tue Oct 17 2023 16:05:53 GMT+0300 (Eastern European Summer Time)
[debug] [2023-10-17T13:05:53.931Z] ----------------------------------------------------------------------
[debug] 
[debug] [2023-10-17T13:05:53.985Z] > command requires scopes: ["email","openid","https://www.googleapis.com/auth/cloudplatformprojects.readonly","https://www.googleapis.com/auth/firebase","https://www.googleapis.com/auth/cloud-platform"]
[debug] [2023-10-17T13:05:53.985Z] > authorizing via signed-in user (remah.amr@qara.net)
[debug] [2023-10-17T13:05:53.985Z] [iam] checking project authmodule-test for permissions ["firebase.projects.get","firebasehosting.sites.update"]
[debug] [2023-10-17T13:05:53.987Z] >>> [apiv2][query] POST https://cloudresourcemanager.googleapis.com/v1/projects/authmodule-test:testIamPermissions [none]
[debug] [2023-10-17T13:05:53.987Z] >>> [apiv2][(partial)header] POST https://cloudresourcemanager.googleapis.com/v1/projects/authmodule-test:testIamPermissions x-goog-quota-user=projects/authmodule-test
[debug] [2023-10-17T13:05:53.987Z] >>> [apiv2][body] POST https://cloudresourcemanager.googleapis.com/v1/projects/authmodule-test:testIamPermissions {"permissions":["firebase.projects.get","firebasehosting.sites.update"]}
[debug] [2023-10-17T13:05:56.818Z] <<< [apiv2][status] POST https://cloudresourcemanager.googleapis.com/v1/projects/authmodule-test:testIamPermissions 200
[debug] [2023-10-17T13:05:56.820Z] <<< [apiv2][body] POST https://cloudresourcemanager.googleapis.com/v1/projects/authmodule-test:testIamPermissions {"permissions":["firebase.projects.get","firebasehosting.sites.update"]}
[debug] [2023-10-17T13:05:56.823Z] >>> [apiv2][query] GET https://firebase.googleapis.com/v1beta1/projects/authmodule-test [none]
[debug] [2023-10-17T13:05:57.598Z] *** [apiv2] error from fetch(https://firebase.googleapis.com/v1beta1/projects/authmodule-test, {"headers":{},"method":"GET","signal":{}}): FetchError: request to https://firebase.googleapis.com/v1beta1/projects/authmodule-test failed, reason: 
[debug] [2023-10-17T13:05:57.599Z] Failed to make request to https://firebase.googleapis.com/v1beta1/projects/authmodule-test (original: request to https://firebase.googleapis.com/v1beta1/projects/authmodule-test failed, reason: )
[debug] [2023-10-17T13:05:57.868Z] FirebaseError: Failed to make request to https://firebase.googleapis.com/v1beta1/projects/authmodule-test
    at RetryOperation._fn (/home/remah/.nvm/versions/node/v20.5.0/lib/node_modules/firebase-tools/lib/apiv2.js:239:31)
    at process.processTicksAndRejections (node:internal/process/task_queues:95:5)
[error] 
[error] Error: Failed to get Firebase project authmodule-test. Please make sure the project exists and your account has permission to access it.
[debug] [2023-10-17T13:06:03.876Z] ----------------------------------------------------------------------
[debug] [2023-10-17T13:06:03.877Z] Command:       /home/remah/.nvm/versions/node/v20.5.0/bin/node /home/remah/.nvm/versions/node/v20.5.0/bin/firebase deploy
[debug] [2023-10-17T13:06:03.878Z] CLI Version:   12.7.0
[debug] [2023-10-17T13:06:03.878Z] Platform:      linux
[debug] [2023-10-17T13:06:03.878Z] Node Version:  v20.5.0
[debug] [2023-10-17T13:06:03.878Z] Time:          Tue Oct 17 2023 16:06:03 GMT+0300 (Eastern European Summer Time)
[debug] [2023-10-17T13:06:03.878Z] ----------------------------------------------------------------------
[debug] 
[debug] [2023-10-17T13:06:03.933Z] > command requires scopes: ["email","openid","https://www.googleapis.com/auth/cloudplatformprojects.readonly","https://www.googleapis.com/auth/firebase","https://www.googleapis.com/auth/cloud-platform"]
[debug] [2023-10-17T13:06:03.933Z] > authorizing via signed-in user (remah.amr@qara.net)
[debug] [2023-10-17T13:06:03.933Z] [iam] checking project authmodule-test for permissions ["firebase.projects.get","firebasehosting.sites.update"]
[debug] [2023-10-17T13:06:03.935Z] >>> [apiv2][query] POST https://cloudresourcemanager.googleapis.com/v1/projects/authmodule-test:testIamPermissions [none]
[debug] [2023-10-17T13:06:03.935Z] >>> [apiv2][(partial)header] POST https://cloudresourcemanager.googleapis.com/v1/projects/authmodule-test:testIamPermissions x-goog-quota-user=projects/authmodule-test
[debug] [2023-10-17T13:06:03.935Z] >>> [apiv2][body] POST https://cloudresourcemanager.googleapis.com/v1/projects/authmodule-test:testIamPermissions {"permissions":["firebase.projects.get","firebasehosting.sites.update"]}
[debug] [2023-10-17T13:06:04.733Z] *** [apiv2] error from fetch(https://cloudresourcemanager.googleapis.com/v1/projects/authmodule-test:testIamPermissions, {"headers":{},"method":"POST","body":"{\"permissions\":[\"firebase.projects.get\",\"firebasehosting.sites.update\"]}"}): FetchError: request to https://cloudresourcemanager.googleapis.com/v1/projects/authmodule-test:testIamPermissions failed, reason: 
[debug] [2023-10-17T13:06:04.735Z] [iam] error while checking permissions, command may fail: FirebaseError: Failed to make request to https://cloudresourcemanager.googleapis.com/v1/projects/authmodule-test:testIamPermissions
[debug] [2023-10-17T13:06:04.738Z] >>> [apiv2][query] GET https://firebase.googleapis.com/v1beta1/projects/authmodule-test [none]
[debug] [2023-10-17T13:06:05.508Z] *** [apiv2] error from fetch(https://firebase.googleapis.com/v1beta1/projects/authmodule-test, {"headers":{},"method":"GET","signal":{}}): FetchError: request to https://firebase.googleapis.com/v1beta1/projects/authmodule-test failed, reason: 
[debug] [2023-10-17T13:06:05.508Z] Failed to make request to https://firebase.googleapis.com/v1beta1/projects/authmodule-test (original: request to https://firebase.googleapis.com/v1beta1/projects/authmodule-test failed, reason: )
[debug] [2023-10-17T13:06:05.771Z] FirebaseError: Failed to make request to https://firebase.googleapis.com/v1beta1/projects/authmodule-test
    at RetryOperation._fn (/home/remah/.nvm/versions/node/v20.5.0/lib/node_modules/firebase-tools/lib/apiv2.js:239:31)
    at process.processTicksAndRejections (node:internal/process/task_queues:95:5)
[error] 
[error] Error: Failed to get Firebase project authmodule-test. Please make sure the project exists and your account has permission to access it.
